TN:
SF:src\index.js
FN:16,(anonymous_1)
FN:17,(anonymous_2)
FN:21,(anonymous_3)
FN:23,(anonymous_4)
FNF:4
FNH:2
FNDA:0,(anonymous_1)
FNDA:1,(anonymous_2)
FNDA:0,(anonymous_3)
FNDA:1,(anonymous_4)
DA:1,1
DA:2,1
DA:3,1
DA:4,1
DA:5,1
DA:7,1
DA:8,1
DA:10,1
DA:11,1
DA:12,1
DA:13,1
DA:15,1
DA:16,1
DA:17,1
DA:19,1
DA:20,1
DA:21,1
DA:23,1
DA:25,1
LF:19
LH:19
BRF:0
BRH:0
end_of_record
TN:
SF:src\controllers\employeesController.js
FN:18,_callee
FNF:1
FNH:1
FNDA:4,_callee
DA:1,1
DA:2,1
DA:3,1
DA:18,11
DA:20,1
DA:22,1
DA:33,1
LF:7
LH:7
BRDA:18,0,0,1
BRDA:18,0,1,1
BRDA:18,0,2,0
BRDA:18,0,3,1
BRF:4
BRH:3
end_of_record
TN:
SF:src\helpers\employeesHelper.js
FN:14,_callee
FNF:1
FNH:1
FNDA:4,_callee
DA:1,1
DA:14,11
DA:15,1
DA:27,1
LF:4
LH:4
BRDA:14,0,0,1
BRDA:14,0,1,1
BRDA:14,0,2,0
BRDA:14,0,3,1
BRF:4
BRH:3
end_of_record
TN:
SF:src\middlewares\schemaMiddleware.js
FN:16,validateCreateEmployee
FNF:1
FNH:1
FNDA:2,validateCreateEmployee
DA:3,1
DA:4,1
DA:5,1
DA:7,1
DA:16,1
DA:17,2
DA:67,2
LF:7
LH:7
BRF:0
BRH:0
end_of_record
TN:
SF:src\middlewares\validateSchema.js
FN:4,validateSchema
FN:8,(anonymous_2)
FNF:2
FNH:2
FNDA:2,validateSchema
FNDA:1,(anonymous_2)
DA:1,1
DA:2,1
DA:4,1
DA:5,2
DA:7,2
DA:8,1
DA:9,1
DA:10,1
DA:13,1
DA:16,1
LF:10
LH:10
BRDA:7,0,0,1
BRDA:7,0,1,1
BRF:2
BRH:2
end_of_record
TN:
SF:src\models\employeesModel.js
FNF:0
FNH:0
DA:1,1
DA:3,1
DA:4,1
DA:21,1
LF:4
LH:4
BRF:0
BRH:0
end_of_record
TN:
SF:src\routes\employeesRoute.js
FNF:0
FNH:0
DA:1,1
DA:2,1
DA:3,1
DA:5,1
DA:7,1
DA:10,1
LF:6
LH:6
BRF:0
BRH:0
end_of_record
TN:
SF:src\routes\index.js
FNF:0
FNH:0
DA:1,1
DA:2,1
DA:4,1
DA:5,1
DA:7,1
LF:5
LH:5
BRF:0
BRH:0
end_of_record
TN:
SF:src\services\responseHelper.js
FN:15,handleSuccess
FN:28,handleError
FN:39,response
FNF:3
FNH:3
FNDA:1,handleSuccess
FNDA:1,handleError
FNDA:2,response
DA:16,1
DA:17,1
DA:18,1
DA:19,1
DA:29,1
DA:30,1
DA:31,1
DA:40,2
DA:41,1
DA:47,1
DA:54,1
LF:11
LH:11
BRDA:40,0,0,1
BRDA:40,0,1,1
BRF:2
BRH:2
end_of_record
